<?xml version="1.0" encoding="UTF-8"?>
<testsuite xmlns:xsi="http://www.w3.org/2001/XMLSchema-instance" xsi:noNamespaceSchemaLocation="https://maven.apache.org/surefire/maven-surefire-plugin/xsd/surefire-test-report.xsd" name="it.nextworks.nfvmano.configmanager.sb.grafana.GrafanaDashboardServiceTest" time="0.488" tests="14" errors="0" skipped="0" failures="0">
  <properties>
[...]
</properties>
  <testcase name="ensureSizeNullDefaulted{List}" classname="it.nextworks.nfvmano.configmanager.sb.grafana.GrafanaDashboardServiceTest" time="0.437"/>
  <testcase name="deleteById1" classname="it.nextworks.nfvmano.configmanager.sb.grafana.GrafanaDashboardServiceTest" time="0"/>
  <testcase name="findAll" classname="it.nextworks.nfvmano.configmanager.sb.grafana.GrafanaDashboardServiceTest" time="0"/>
  <testcase name="update" classname="it.nextworks.nfvmano.configmanager.sb.grafana.GrafanaDashboardServiceTest" time="0.001"/>
  <testcase name="findById" classname="it.nextworks.nfvmano.configmanager.sb.grafana.GrafanaDashboardServiceTest" time="0.001"/>
  <testcase name="save" classname="it.nextworks.nfvmano.configmanager.sb.grafana.GrafanaDashboardServiceTest" time="0.001"/>
  <testcase name="makeRows" classname="it.nextworks.nfvmano.configmanager.sb.grafana.GrafanaDashboardServiceTest" time="0.001"/>
  <testcase name="save1" classname="it.nextworks.nfvmano.configmanager.sb.grafana.GrafanaDashboardServiceTest" time="0.001"/>
  <testcase name="makePanels{List}" classname="it.nextworks.nfvmano.configmanager.sb.grafana.GrafanaDashboardServiceTest" time="0.005"/>
  <testcase name="makeRow{List, SizeEnum}" classname="it.nextworks.nfvmano.configmanager.sb.grafana.GrafanaDashboardServiceTest" time="0.02"/>
  <testcase name="ensureSizeAllNulls{List}" classname="it.nextworks.nfvmano.configmanager.sb.grafana.GrafanaDashboardServiceTest" time="0.002"/>
  <testcase name="makeBatches{List}" classname="it.nextworks.nfvmano.configmanager.sb.grafana.GrafanaDashboardServiceTest" time="0.006"/>
  <testcase name="translate" classname="it.nextworks.nfvmano.configmanager.sb.grafana.GrafanaDashboardServiceTest" time="0.001"/>
  <testcase name="deleteById" classname="it.nextworks.nfvmano.configmanager.sb.grafana.GrafanaDashboardServiceTest" time="0.001"/>
</testsuite>